生成启动时间为 2018/8/9 18:05:02。
     1>项目“D:\work\Qt\socket_TCP\sever_tcp\sever_tcp\sever_tcp.vcxproj”在节点 2 上(Build 个目标)。
     1>CustomBuild:
         Moc'ing sever_tcp.h...
     1>C:\Program Files (x86)\MSBuild\Microsoft.Cpp\v4.0\V120\Microsoft.CppBuild.targets(935,5): warning MSB8027: Two or more files with the name of moc_sever_tcp.cpp will produce outputs to the same location. This can lead to an incorrect build result.  The files involved are GeneratedFiles\Debug\moc_sever_tcp.cpp, GeneratedFiles\Release\moc_sever_tcp.cpp.
       ClCompile:
         E:\soft\VS2013\VC\bin\x86_amd64\CL.exe /c /I.\GeneratedFiles /I. /IE:\install\QT5.6\5.6\msvc2013_64\include /I.\GeneratedFiles\Debug /IE:\install\QT5.6\5.6\msvc2013_64\include\QtCore /IE:\install\QT5.6\5.6\msvc2013_64\include\QtGui /IE:\install\QT5.6\5.6\msvc2013_64\include\QtNetwork /IE:\install\QT5.6\5.6\msvc2013_64\include\QtWidgets /Zi /nologo /W1 /WX- /Od /D UNICODE /D WIN32 /D WIN64 /D QT_DLL /D QT_CORE_LIB /D QT_GUI_LIB /D QT_NETWORK_LIB /D QT_WIDGETS_LIB /Gm- /EHsc /MDd /GS /fp:precise /Zc:wchar_t /Zc:forScope /Fo"x64\Debug\\" /Fd"x64\Debug\vc120.pdb" /Gd /TP /errorReport:prompt GeneratedFiles\Debug\moc_sever_tcp.cpp main.cpp sever_tcp.cpp
         moc_sever_tcp.cpp
         main.cpp
         sever_tcp.cpp
         正在生成代码...
       Link:
         E:\soft\VS2013\VC\bin\x86_amd64\link.exe /ERRORREPORT:PROMPT /OUT:"D:\work\Qt\socket_TCP\sever_tcp\x64\Debug\\sever_tcp.exe" /NOLOGO /LIBPATH:E:\install\QT5.6\5.6\msvc2013_64\lib qtmaind.lib Qt5Cored.lib Qt5Guid.lib Qt5Networkd.lib Qt5Widgetsd.lib Qt5Networkd.lib halconcpp.lib kernel32.lib user32.lib gdi32.lib winspool.lib comdlg32.lib advapi32.lib shell32.lib ole32.lib oleaut32.lib uuid.lib odbc32.lib odbccp32.lib /MANIFEST /MANIFESTUAC:"level='asInvoker' uiAccess='false'" /manifest:embed /DEBUG /PDB:"D:\work\Qt\socket_TCP\sever_tcp\x64\Debug\sever_tcp.pdb" /SUBSYSTEM:WINDOWS /TLBID:1 /DYNAMICBASE /NXCOMPAT /IMPLIB:"D:\work\Qt\socket_TCP\sever_tcp\x64\Debug\sever_tcp.lib" /MACHINE:X64 x64\Debug\moc_sever_tcp.obj
         x64\Debug\qrc_sever_tcp.obj
         x64\Debug\main.obj
         x64\Debug\sever_tcp.obj
         sever_tcp.vcxproj -> D:\work\Qt\socket_TCP\sever_tcp\x64\Debug\sever_tcp.exe
     1>已完成生成项目“D:\work\Qt\socket_TCP\sever_tcp\sever_tcp\sever_tcp.vcxproj”(Build 个目标)的操作。

生成成功。

已用时间 00:00:11.29
