生成启动时间为 2018/8/23 10:33:11。
     1>项目“D:\work\Qt\Template_Macth\Template_Macth\Template_Macth.vcxproj”在节点 2 上(Build 个目标)。
     1>CustomBuild:
         Moc'ing template_macth.h...
     1>C:\Program Files (x86)\MSBuild\Microsoft.Cpp\v4.0\V120\Microsoft.CppBuild.targets(935,5): warning MSB8027: Two or more files with the name of moc_template_macth.cpp will produce outputs to the same location. This can lead to an incorrect build result.  The files involved are GeneratedFiles\Debug\moc_template_macth.cpp, GeneratedFiles\Release\moc_template_macth.cpp.
       ClCompile:
         E:\soft\VS2013\VC\bin\x86_amd64\CL.exe /c /I.\GeneratedFiles /I. /IE:\install\QT5.6\5.6\msvc2013_64\include /I.\GeneratedFiles\Debug /IE:\install\QT5.6\5.6\msvc2013_64\include\QtCore /IE:\install\QT5.6\5.6\msvc2013_64\include\QtGui /IE:\install\QT5.6\5.6\msvc2013_64\include\QtWidgets /Zi /nologo /W1 /WX- /Od /D UNICODE /D WIN32 /D WIN64 /D QT_DLL /D QT_CORE_LIB /D QT_GUI_LIB /D QT_WIDGETS_LIB /Gm- /EHsc /MDd /GS /fp:precise /Zc:wchar_t /Zc:forScope /Fo"x64\Debug\\" /Fd"x64\Debug\vc120.pdb" /Gd /TP /errorReport:prompt GeneratedFiles\Debug\moc_template_macth.cpp main.cpp template_macth.cpp
         moc_template_macth.cpp
         main.cpp
         template_macth.cpp
         正在生成代码...
       Link:
         E:\soft\VS2013\VC\bin\x86_amd64\link.exe /ERRORREPORT:PROMPT /OUT:"D:\work\Qt\Template_Macth\x64\Debug\\Template_Macth.exe" /NOLOGO /LIBPATH:E:\install\QT5.6\5.6\msvc2013_64\lib qtmaind.lib Qt5Cored.lib Qt5Guid.lib Qt5Widgetsd.lib Qt5Networkd.lib halconcpp.lib halconcpp.lib kernel32.lib user32.lib gdi32.lib winspool.lib comdlg32.lib advapi32.lib shell32.lib ole32.lib oleaut32.lib uuid.lib odbc32.lib odbccp32.lib /MANIFEST /MANIFESTUAC:"level='asInvoker' uiAccess='false'" /manifest:embed /DEBUG /PDB:"D:\work\Qt\Template_Macth\x64\Debug\Template_Macth.pdb" /SUBSYSTEM:WINDOWS /TLBID:1 /DYNAMICBASE /NXCOMPAT /IMPLIB:"D:\work\Qt\Template_Macth\x64\Debug\Template_Macth.lib" /MACHINE:X64 x64\Debug\Find_ncc_model_exposure.obj
         x64\Debug\moc_template_macth.obj
         x64\Debug\qrc_template_macth.obj
         x64\Debug\main.obj
         x64\Debug\template_macth.obj
         Template_Macth.vcxproj -> D:\work\Qt\Template_Macth\x64\Debug\Template_Macth.exe
     1>已完成生成项目“D:\work\Qt\Template_Macth\Template_Macth\Template_Macth.vcxproj”(Build 个目标)的操作。

生成成功。

已用时间 00:00:06.38
