d:\work\qt\qt_halcon_image_deal\qt_halcon_image_deal\x64\debug\vc120.pdb
d:\work\qt\qt_halcon_image_deal\qt_halcon_image_deal\x64\debug\qrc_qt_halcon_image_deal.obj
d:\work\qt\qt_halcon_image_deal\qt_halcon_image_deal\x64\debug\qt_halcon_image_deal.obj
d:\work\qt\qt_halcon_image_deal\qt_halcon_image_deal\x64\debug\main.obj
d:\work\qt\qt_halcon_image_deal\qt_halcon_image_deal\x64\debug\moc_qt_halcon_image_deal.obj
d:\work\qt\qt_halcon_image_deal\qt_halcon_image_deal\generatedfiles\qrc_qt_halcon_image_deal.cpp
d:\work\qt\qt_halcon_image_deal\qt_halcon_image_deal\generatedfiles\debug\moc_qt_halcon_image_deal.cpp
d:\work\qt\qt_halcon_image_deal\qt_halcon_image_deal\generatedfiles\ui_qt_halcon_image_deal.h
d:\work\qt\qt_halcon_image_deal\x64\debug\qt_halcon_image_deal.ilk
d:\work\qt\qt_halcon_image_deal\x64\debug\qt_halcon_image_deal.exe
d:\work\qt\qt_halcon_image_deal\x64\debug\qt_halcon_image_deal.pdb
d:\work\qt\qt_halcon_image_deal\qt_halcon_image_deal\x64\debug\qt_halco.b12702ad.tlog\cl.command.1.tlog
d:\work\qt\qt_halcon_image_deal\qt_halcon_image_deal\x64\debug\qt_halco.b12702ad.tlog\cl.read.1.tlog
d:\work\qt\qt_halcon_image_deal\qt_halcon_image_deal\x64\debug\qt_halco.b12702ad.tlog\cl.write.1.tlog
d:\work\qt\qt_halcon_image_deal\qt_halcon_image_deal\x64\debug\qt_halco.b12702ad.tlog\custombuild.command.1.tlog
d:\work\qt\qt_halcon_image_deal\qt_halcon_image_deal\x64\debug\qt_halco.b12702ad.tlog\custombuild.read.1.tlog
d:\work\qt\qt_halcon_image_deal\qt_halcon_image_deal\x64\debug\qt_halco.b12702ad.tlog\custombuild.write.1.tlog
d:\work\qt\qt_halcon_image_deal\qt_halcon_image_deal\x64\debug\qt_halco.b12702ad.tlog\link.command.1.tlog
d:\work\qt\qt_halcon_image_deal\qt_halcon_image_deal\x64\debug\qt_halco.b12702ad.tlog\link.read.1.tlog
d:\work\qt\qt_halcon_image_deal\qt_halcon_image_deal\x64\debug\qt_halco.b12702ad.tlog\link.write.1.tlog
